2025-05-17 09:58:23,570 - INFO - 程序启动，参数: Namespace(port='COM3', baudrate=9600, timeout=1.0)
2025-05-17 09:58:57,813 - INFO - 程序手动停止
2025-05-17 09:58:57,814 - INFO - 串口已关闭
2025-05-17 10:00:09,444 - INFO - 程序启动，参数: Namespace(port='COM3', baudrate=9600, timeout=1.0)
2025-05-17 10:00:23,013 - INFO - 程序手动停止
2025-05-17 10:00:23,014 - INFO - 串口已关闭
2025-05-17 10:02:29,825 - INFO - 程序启动，参数: Namespace(port='COM3', baudrate=9600, timeout=1.0)
2025-05-17 10:02:36,264 - INFO - 程序手动停止
2025-05-17 10:02:36,265 - INFO - 串口已关闭
2025-05-17 10:06:47,229 - INFO - 程序启动，参数: Namespace(port='COM3', baudrate=9600, timeout=1.0)
2025-05-17 10:07:21,889 - INFO - 程序手动停止
2025-05-17 10:07:21,929 - INFO - 串口已关闭
2025-05-17 10:08:35,813 - INFO - 程序启动，参数: Namespace(port='COM3', baudrate=9600, timeout=1.0)
2025-05-17 10:08:35,814 - ERROR - 串口错误: could not open port 'COM3': PermissionError(13, '拒绝访问。', None, 5)
2025-05-17 10:08:47,106 - INFO - 程序启动，参数: Namespace(port='COM3', baudrate=9600, timeout=1.0)
2025-05-17 10:09:09,568 - INFO - 程序手动停止
2025-05-17 10:09:09,569 - INFO - 串口已关闭
2025-05-17 10:10:11,381 - INFO - 程序启动，参数: Namespace(port='COM3', baudrate=9600, timeout=1.0)
2025-05-17 10:10:38,207 - INFO - 程序手动停止
2025-05-17 10:10:38,207 - INFO - 串口已关闭
2025-05-17 10:13:45,676 - INFO - 程序启动，参数: Namespace(port='COM3', baudrate=9600, timeout=1.0)
2025-05-17 10:14:28,916 - INFO - 程序手动停止
2025-05-17 10:14:28,917 - INFO - 串口已关闭
2025-05-17 10:14:33,075 - INFO - 程序启动，参数: Namespace(port='COM3', baudrate=9600, timeout=1.0)
2025-05-17 10:17:38,483 - INFO - 程序手动停止
2025-05-17 10:17:38,484 - INFO - 串口已关闭
2025-05-17 10:18:05,352 - INFO - 程序启动，参数: Namespace(port='COM3', baudrate=9600, timeout=1.0)
2025-05-17 10:24:17,468 - INFO - 程序手动停止
2025-05-17 10:24:17,469 - INFO - 串口已关闭
2025-05-17 10:24:22,605 - INFO - 程序启动，参数: Namespace(port='COM3', baudrate=9600, timeout=1.0)
2025-05-17 10:25:56,445 - INFO - 程序手动停止
2025-05-17 10:25:56,446 - INFO - 串口已关闭
2025-05-17 10:29:59,381 - INFO - 程序启动，参数: Namespace(port='COM3', baudrate=9600, timeout=1.0)
2025-05-17 10:30:01,690 - INFO - 程序手动停止
2025-05-17 10:30:01,690 - INFO - 串口已关闭
2025-05-17 10:30:03,064 - INFO - 程序启动，参数: Namespace(port='COM3', baudrate=9600, timeout=1.0)
2025-05-17 10:30:10,780 - INFO - 程序手动停止
2025-05-17 10:30:10,781 - INFO - 串口已关闭
2025-05-17 10:30:19,693 - INFO - 程序启动，参数: Namespace(port='COM3', baudrate=9600, timeout=1.0)
2025-05-17 10:33:03,656 - INFO - 程序手动停止
2025-05-17 10:33:03,659 - INFO - 串口已关闭
2025-05-17 10:43:35,990 - INFO - 程序启动，参数: Namespace(port='COM3', baudrate=9600, timeout=1.0)
2025-05-17 10:44:07,942 - INFO - 程序手动停止
2025-05-17 10:44:07,942 - INFO - 串口已关闭
2025-05-17 10:51:42,317 - INFO - 程序启动，参数: Namespace(port='COM3', baudrate=9600, timeout=1.0)
2025-05-17 10:54:25,469 - INFO - 程序手动停止
2025-05-17 10:54:25,470 - INFO - 串口已关闭
2025-05-17 10:54:33,004 - INFO - 程序启动，参数: Namespace(port='COM3', baudrate=9600, timeout=1.0)
2025-05-17 11:01:31,030 - INFO - 程序手动停止
2025-05-17 11:01:31,031 - INFO - 串口已关闭
2025-05-17 11:03:06,639 - INFO - 程序启动，参数: Namespace(port='COM3', baudrate=9600, timeout=1.0)
2025-05-17 11:03:16,484 - INFO - 程序手动停止
2025-05-17 11:03:16,485 - INFO - 串口已关闭
2025-05-17 11:03:25,326 - INFO - 程序启动，参数: Namespace(port='COM3', baudrate=9600, timeout=1.0)
2025-05-17 11:03:28,968 - INFO - 程序手动停止
2025-05-17 11:03:28,968 - INFO - 串口已关闭
2025-05-17 11:03:45,828 - INFO - 程序启动，参数: Namespace(port='COM3', baudrate=9600, timeout=1.0)
2025-05-17 11:04:22,200 - INFO - 程序手动停止
2025-05-17 11:04:22,201 - INFO - 串口已关闭
2025-05-17 11:04:22,945 - INFO - 程序启动，参数: Namespace(port='COM3', baudrate=9600, timeout=1.0)
2025-05-17 11:05:29,480 - INFO - 程序手动停止
2025-05-17 11:05:29,480 - INFO - 串口已关闭
2025-05-17 11:05:35,866 - INFO - 程序启动，参数: Namespace(port='COM3', baudrate=9600, timeout=1.0)
2025-05-17 11:16:07,879 - INFO - 程序手动停止
2025-05-17 11:16:07,880 - INFO - 串口已关闭
2025-05-17 11:17:09,146 - INFO - 程序启动，参数: Namespace(port='COM3', baudrate=9600, timeout=1.0)
2025-05-17 11:17:15,342 - INFO - 程序手动停止
2025-05-17 11:17:15,344 - INFO - 串口已关闭
2025-05-17 11:18:14,186 - INFO - 程序启动，参数: Namespace(port='COM3', baudrate=9600, timeout=1.0)
2025-05-17 11:23:24,639 - INFO - 程序手动停止
2025-05-17 11:23:24,640 - INFO - 串口已关闭
2025-05-17 11:25:25,536 - INFO - 程序启动，参数: Namespace(port='COM3', baudrate=9600, timeout=1.0)
2025-05-17 11:28:03,618 - INFO - 程序手动停止
2025-05-17 11:28:03,619 - INFO - 串口已关闭
2025-05-17 11:28:15,714 - INFO - 程序启动，参数: Namespace(port='COM3', baudrate=9600, timeout=1.0)
2025-05-17 11:31:22,373 - INFO - 程序手动停止
2025-05-17 11:31:22,375 - INFO - 串口已关闭
2025-05-17 11:31:33,130 - INFO - 程序启动，参数: Namespace(port='COM3', baudrate=9600, timeout=1.0)
2025-05-17 11:32:17,560 - INFO - 程序手动停止
2025-05-17 11:32:17,561 - INFO - 串口已关闭
2025-05-17 11:32:18,376 - INFO - 程序启动，参数: Namespace(port='COM3', baudrate=9600, timeout=1.0)
2025-05-17 11:32:51,081 - INFO - 程序手动停止
2025-05-17 11:32:51,082 - INFO - 串口已关闭
2025-05-17 11:33:05,470 - INFO - 程序启动，参数: Namespace(port='COM3', baudrate=9600, timeout=1.0)
2025-05-17 11:35:15,985 - INFO - 程序手动停止
2025-05-17 11:35:15,987 - INFO - 串口已关闭
2025-05-17 11:35:34,217 - INFO - 程序启动，参数: Namespace(port='COM3', baudrate=9600, timeout=1.0)
2025-05-17 11:37:31,057 - INFO - 程序手动停止
2025-05-17 11:37:31,058 - INFO - 串口已关闭
2025-05-17 15:27:09,930 - INFO - 程序启动，参数: Namespace(port='COM3', baudrate=9600, timeout=1.0)
2025-05-17 15:27:17,555 - INFO - 程序手动停止
2025-05-17 15:27:17,557 - INFO - 串口已关闭
2025-05-17 15:28:45,701 - INFO - 程序启动，参数: Namespace(port='COM3', baudrate=9600, timeout=1.0)
2025-05-17 15:30:03,730 - INFO - 程序手动停止
2025-05-17 15:30:03,731 - INFO - 串口已关闭
2025-05-17 15:32:24,589 - INFO - 程序启动，参数: Namespace(port='COM3', baudrate=9600, timeout=1.0)
2025-05-17 15:32:24,589 - INFO - 计算帧间隔时间: 0.004010秒 (9600波特率)
2025-05-17 15:32:25,265 - WARNING - 清除无法解析的缓冲区数据: bytearray(b'\x03\x10\x00\x00\x00 @\x13\x97>\x16\r\x9a>\x169\x01B\x15\x16H=4\x18\x06<\xbfo\xb3A\xe4\x00')
2025-05-17 15:32:25,310 - WARNING - 清除无法解析的缓冲区数据: bytearray(b'\x00\x00\x00\x15k\xbb\xa0\x00\x005\xfa\x00\x00\x00\x00\x98\x00>;\x1e]=\xe1\x00\x00\x00\x00\x00\x00\x00\x00\x00\x00\x00\x00\x00\x00\x00\x00\x16\xb5')
2025-05-17 15:32:26,837 - WARNING - 清除无法解析的缓冲区数据: bytearray(b'\x03\x10\x00\x00\x00 @\x13\x97>\x16\r\x9a>\x16\x85UB\x15\x16H=4\x18\x06<\xbf\xa3&A\xe5\x00')
2025-05-17 15:32:26,881 - WARNING - 清除无法解析的缓冲区数据: bytearray(b'\x00\x00\x00\x15k\xbb\xa0\x00\x005\xfa\x00\x00\x00\x00\x98\x00>;\x1e]=\xe1\x00\x00\x00\x00\x00\x00\x00\x00\x00\x00\x00\x00\x00\x00\x00\x00\x90\xe9')
2025-05-17 15:32:28,399 - WARNING - 清除无法解析的缓冲区数据: bytearray(b'\x03\x10\x00\x00\x00 @\x13\x97>\x16\r\x9a>\x16\x85UB\x15\x16H=4\x18\x06<\xbf\xa3&A\xe5\x00')
2025-05-17 15:32:28,443 - WARNING - 清除无法解析的缓冲区数据: bytearray(b'\x00\x00\x00\x15k\xbb\xa0\x00\x005\xfa\x00\x00\x00\x00\x98\x00>;\x1e]=\xe1\x00\x00\x00\x00\x00\x00\x00\x00\x00\x00\x00\x00\x00\x00\x00\x00\x90\xe9')
2025-05-17 15:32:29,958 - WARNING - 清除无法解析的缓冲区数据: bytearray(b'\x03\x10\x00\x00\x00 @\x13\x97>\x16\r\x9a>\x16\x92bB\x15\x16H=4\x18\x06<\xbf\xbdnA\xe5\x00')
2025-05-17 15:32:30,049 - WARNING - 清除无法解析的缓冲区数据: bytearray(b'\x00\x00\x00\x15k\xbb\xa0\x00\x005\xfa\x00\x00\x00\x00\x98\x00>;\x1e]=\xe1\x00\x00\x00\x00\x00\x00\x00\x00\x00\x00\x00\x00\x00\x00\x00\x00\\\x0c')
2025-05-17 15:32:31,526 - WARNING - 清除无法解析的缓冲区数据: bytearray(b'\x03\x10\x00\x00\x00 @\x13\x97>\x16\r\x9a>\x16\x92bB\x15\x16H=4\x18\x06<\xbf\xbdnA\xe5\x00')
2025-05-17 15:32:31,570 - WARNING - 清除无法解析的缓冲区数据: bytearray(b'\x00\x00\x00\x15k\xbb\xa0\x00\x005\xfa\x00\x00\x00\x00\x98\x00>;\x1e]=\xe1\x00\x00\x00\x00\x00\x00\x00\x00\x00\x00\x00\x00\x00\x00\x00\x00\\\x0c')
2025-05-17 15:32:33,095 - WARNING - 清除无法解析的缓冲区数据: bytearray(b'\x03\x10\x00\x00\x00 @\x13\x97>\x16\r\x9a>\x16\xf9\xb8B\x14\x16H=4\x18\x06<\xbf\x89\xfcA\xe4\x00')
2025-05-17 15:32:33,139 - WARNING - 清除无法解析的缓冲区数据: bytearray(b'\x00\x00\x00\x15k\xbb\xa0\x17\xa6\xbdz\x00\x00\x00\x00\x98\x00>;\x1e]=\xe1\x00\x00\x00\x00\x00\x00\x00\x00\x00\x00\x00\x00\x00\x00\x00\x00\xaf\xe5')
2025-05-17 15:32:34,655 - WARNING - 清除无法解析的缓冲区数据: bytearray(b'\x03\x10\x00\x00\x00 @\x13\x97>\x16\r\x9a>\x16\xf9\xb8B\x14\x16H=4\x18\x06<\xbf\x89\xfcA\xe4\x00')
2025-05-17 15:32:34,699 - WARNING - 清除无法解析的缓冲区数据: bytearray(b'\x00\x00\x00\x15k\xbb\xa0\x17\xa6\xbdz\x00\x00\x00\x00\x98\x00>;\x1e]=\xe1\x00\x00\x00\x00\x00\x00\x00\x00\x00\x00\x00\x00\x00\x00\x00\x00\xaf\xe5')
2025-05-17 15:32:36,226 - WARNING - 清除无法解析的缓冲区数据: bytearray(b'\x03\x10\x00\x00\x00 @\x13\x97>\x16\r\x9a>\x16\x92bB\x15\x16H=4\x18\x06<\xbf\xf0>A\xe3\x00')
2025-05-17 15:32:36,270 - WARNING - 清除无法解析的缓冲区数据: bytearray(b'\x00\x00\x00\x15k\xbb\xa0\x17\xa6\xbdz\x00\x00\x00\x00\x98\x00>;\x1e]=\xe1\x00\x00\x00\x00\x00\x00\x00\x00\x00\x00\x00\x00\x00\x00\x00\x00\xe7\xfb')
2025-05-17 15:32:37,795 - WARNING - 清除无法解析的缓冲区数据: bytearray(b'\x03\x10\x00\x00\x00 @\x13\x97>\x16\r\x9a>\x16\x92bB\x15\x16H=4\x18\x06<\xbf\xf0>A\xe3\x00')
2025-05-17 15:32:37,839 - WARNING - 清除无法解析的缓冲区数据: bytearray(b'\x00\x00\x00\x15k\xbb\xa0\x17\xa6\xbdz\x00\x00\x00\x00\x98\x00>;\x1e]=\xe1\x00\x00\x00\x00\x00\x00\x00\x00\x00\x00\x00\x00\x00\x00\x00\x00\xe7\xfb')
2025-05-17 15:32:38,759 - INFO - 程序手动停止
2025-05-17 15:32:38,760 - INFO - 串口已关闭
2025-05-17 15:34:39,456 - INFO - 程序启动，参数: Namespace(port='COM3', baudrate=9600, timeout=1.0)
2025-05-17 15:34:39,456 - INFO - 计算帧间隔时间: 0.004010秒 (9600波特率)
2025-05-17 15:34:39,904 - WARNING - 清除无法解析的缓冲区数据: bytearray(b'\x03\x10\x00\x00\x00 @\x13\x97>\x16\r\x9a>\x16k=B\x15\x16H=4\x18\x06<\xbf\xd4\xdfA\xe4\x00')
2025-05-17 15:34:39,948 - WARNING - 清除无法解析的缓冲区数据: bytearray(b'\x00\x00\x00\x15k\xbb\xa0\x00\x005\xfa\x00\x00\x00\x00\x98\x00>;\x1e]=\xe1\x00\x00\x00\x00\x00\x00\x00\x00\x00\x00\x00\x00\x00\x00\x00\x00\xc5\xce')
2025-05-17 15:34:41,477 - WARNING - 清除无法解析的缓冲区数据: bytearray(b'\x03\x10\x00\x00\x00 @\x13\x97>\x16\r\x9a>\x16k=B\x15\x16H=4\x18\x06<\xbf\xd4\xdfA\xe4\x00')
2025-05-17 15:34:41,521 - WARNING - 清除无法解析的缓冲区数据: bytearray(b'\x00\x00\x00\x15k\xbb\xa0\x00\x005\xfa\x00\x00\x00\x00\x98\x00>;\x1e]=\xe1\x00\x00\x00\x00\x00\x00\x00\x00\x00\x00\x00\x00\x00\x00\x00\x00\xc5\xce')
2025-05-17 15:34:43,033 - WARNING - 清除无法解析的缓冲区数据: bytearray(b'\x03\x10\x00\x00\x00 @\x13\x97>\x16\r\x9a>\x16k=B\x15\x16H=4\x18\x06<\xbf\xd4\xdfA\xe4\x00')
2025-05-17 15:34:43,077 - WARNING - 清除无法解析的缓冲区数据: bytearray(b'\x00\x00\x00\x15k\xbb\xa0\x00\x005\xfa\x00\x00\x00\x00\x98\x00>;\x1e]=\xe1\x00\x00\x00\x00\x00\x00\x00\x00\x00\x00\x00\x00\x00\x00\x00\x00\xc5\xce')
2025-05-17 15:34:44,604 - WARNING - 清除无法解析的缓冲区数据: bytearray(b'\x03\x10\x00\x00\x00 @\x13\x97>\x16\r\x9a>\x16k=B\x15\x16H=4\x18\x06<\xbf\xd4\xdfA\xe4\x00')
2025-05-17 15:34:44,648 - WARNING - 清除无法解析的缓冲区数据: bytearray(b'\x00\x00\x00\x15k\xbb\xa0\x00\x005\xfa\x00\x00\x00\x00\x98\x00>;\x1e]=\xe1\x00\x00\x00\x00\x00\x00\x00\x00\x00\x00\x00\x00\x00\x00\x00\x00\xc5\xce')
2025-05-17 15:34:46,169 - WARNING - 清除无法解析的缓冲区数据: bytearray(b'\x03\x10\x00\x00\x00 @\x13\x97>\x16\r\x9a>\x16k=B\x15\x16H=4\x18\x06<\xbf\xd4\xdfA\xe4\x00')
2025-05-17 15:34:46,213 - WARNING - 清除无法解析的缓冲区数据: bytearray(b'\x00\x00\x00\x15k\xbb\xa0\x00\x005\xfa\x00\x00\x00\x00\x98\x00>;\x1e]=\xe1\x00\x00\x00\x00\x00\x00\x00\x00\x00\x00\x00\x00\x00\x00\x00\x00\xc5\xce')
2025-05-17 15:34:47,737 - WARNING - 清除无法解析的缓冲区数据: bytearray(b'\x03\x10\x00\x00\x00 @\x13\x97>\x16\r\x9a>\x16k=B\x15\x16H=4\x18\x06<\xbf\xd4\xdfA\xe4\x00')
2025-05-17 15:34:47,781 - WARNING - 清除无法解析的缓冲区数据: bytearray(b'\x00\x00\x00\x15k\xbb\xa0\x00\x005\xfa\x00\x00\x00\x00\x98\x00>;\x1e]=\xe1\x00\x00\x00\x00\x00\x00\x00\x00\x00\x00\x00\x00\x00\x00\x00\x00\xc5\xce')
2025-05-17 15:34:49,298 - WARNING - 清除无法解析的缓冲区数据: bytearray(b'\x03\x10\x00\x00\x00 @\x13\x97>\x16\r\x9a>\x16k=B\x15\x16H=4\x18\x06<\xbf\xd4\xdfA\xe4\x00')
2025-05-17 15:34:49,343 - WARNING - 清除无法解析的缓冲区数据: bytearray(b'\x00\x00\x00\x15k\xbb\xa0\x00\x005\xfa\x00\x00\x00\x00\x98\x00>;\x1e]=\xe1\x00\x00\x00\x00\x00\x00\x00\x00\x00\x00\x00\x00\x00\x00\x00\x00\xc5\xce')
2025-05-17 15:34:50,863 - WARNING - 清除无法解析的缓冲区数据: bytearray(b'\x03\x10\x00\x00\x00 @\x13\x97>\x16\r\x9a>\x16\x1e\xe7B\x15\x16H=4\x18\x06<\xbf\xd4\xdfA\xe4\x00')
2025-05-17 15:34:50,907 - WARNING - 清除无法解析的缓冲区数据: bytearray(b'\x00\x00\x00\x15k\xbb\xa0\x00\x005\xfa\x00\x00\x00\x00\x98\x00>;\x1e]=\xe1\x00\x00\x00\x00\x00\x00\x00\x00\x00\x00\x00\x00\x00\x00\x00\x00\xa4\x9f')
2025-05-17 15:34:52,433 - WARNING - 清除无法解析的缓冲区数据: bytearray(b'\x03\x10\x00\x00\x00 @\x13\x97>\x16\r\x9a>\x16\x1e\xe7B\x15\x16H=4\x18\x06<\xbf\xd4\xdfA\xe4\x00')
2025-05-17 15:34:52,478 - WARNING - 清除无法解析的缓冲区数据: bytearray(b'\x00\x00\x00\x15k\xbb\xa0\x00\x005\xfa\x00\x00\x00\x00\x98\x00>;\x1e]=\xe1\x00\x00\x00\x00\x00\x00\x00\x00\x00\x00\x00\x00\x00\x00\x00\x00\xa4\x9f')
2025-05-17 15:34:53,933 - INFO - 程序手动停止
2025-05-17 15:34:53,934 - INFO - 串口已关闭
2025-05-17 15:38:06,353 - INFO - 程序启动，参数: Namespace(port='COM3', baudrate=9600, timeout=2.0)
2025-05-17 15:38:06,354 - INFO - 计算帧间隔时间: 0.004010秒 (9600波特率)
2025-05-17 15:38:06,564 - WARNING - 清除无法解析的缓冲区数据: bytearray(b'\x03\x10\x00\x00\x00 @\x13\x97>\x16\r\x9a>\x16\xd3\x9aB\x15\x16H=4\x18\x06<\xbf\rWA\xe5\x00')
2025-05-17 15:38:06,607 - WARNING - 清除无法解析的缓冲区数据: bytearray(b'\x00\x00\x00\x15k\xbb\xa0\x17\xa6\xbdz\x00\x00\x00\x00\x98\x00>;\x1e]=\xe1\x00\x00\x00\x00\x00\x00\x00\x00\x00\x00\x00\x00\x00\x00\x00\x00\xf9\xf2')
2025-05-17 15:38:08,134 - WARNING - 清除无法解析的缓冲区数据: bytearray(b'\x03\x10\x00\x00\x00 @\x13\x97>\x16\r\x9a>\x16\x87GB\x15\x16H=4\x18\x06<\xbf@\xc5A\xe6\x00')
2025-05-17 15:38:08,177 - WARNING - 清除无法解析的缓冲区数据: bytearray(b'\x00\x00\x00\x15k\xbb\xa0\x17\xa6\xbdz\x00\x00\x00\x00\x98\x00>;\x1e]=\xe1\x00\x00\x00\x00\x00\x00\x00\x00\x00\x00\x00\x00\x00\x00\x00\x00$\xd0')
2025-05-17 15:38:09,701 - WARNING - 清除无法解析的缓冲区数据: bytearray(b'\x03\x10\x00\x00\x00 @\x13\x97>\x16\r\x9a>\x16\x87GB\x15\x16H=4\x18\x06<\xbf@\xc5A\xe6\x00')
2025-05-17 15:38:09,744 - WARNING - 清除无法解析的缓冲区数据: bytearray(b'\x00\x00\x00\x15k\xbb\xa0\x17\xa6\xbdz\x00\x00\x00\x00\x98\x00>;\x1e]=\xe1\x00\x00\x00\x00\x00\x00\x00\x00\x00\x00\x00\x00\x00\x00\x00\x00$\xd0')
2025-05-17 15:38:11,260 - WARNING - 清除无法解析的缓冲区数据: bytearray(b'\x03\x10\x00\x00\x00 @\x13\x97>\x16\r\x9a>\x16\x87GB\x15\x16H=4\x18\x06<\xbf\xa7\x10A\xe5\x00')
2025-05-17 15:38:11,313 - WARNING - 清除无法解析的缓冲区数据: bytearray(b'\x00\x00\x00\x15k\xbb\xa0\x17\xa6\xbdz\x00\x00\x00\x00\x98\x00>;\x1e]=\xe1\x00\x00\x00\x00\x00\x00\x00\x00\x00\x00\x00\x00\x00\x00\x00\x00\xe5\x01')
2025-05-17 15:38:12,826 - WARNING - 清除无法解析的缓冲区数据: bytearray(b'\x03\x10\x00\x00\x00 @\x13\x97>\x16\r\x9a>\x16\x87GB\x15\x16H=4\x18\x06<\xbf\xa7\x10A\xe5\x00')
2025-05-17 15:38:12,868 - WARNING - 清除无法解析的缓冲区数据: bytearray(b'\x00\x00\x00\x15k\xbb\xa0\x17\xa6\xbdz\x00\x00\x00\x00\x98\x00>;\x1e]=\xe1\x00\x00\x00\x00\x00\x00\x00\x00\x00\x00\x00\x00\x00\x00\x00\x00\xe5\x01')
2025-05-17 15:38:14,396 - WARNING - 清除无法解析的缓冲区数据: bytearray(b'\x03\x10\x00\x00\x00 @\x13\x97>\x16\r\x9a>\x16\x87GB\x15\x16H=4\x18\x06<\xbf\xa7\x10A\xe5\x00')
2025-05-17 15:38:14,438 - WARNING - 清除无法解析的缓冲区数据: bytearray(b'\x00\x00\x00\x15k\xbb\xa0\x00\x005\xfa\x00\x00\x00\x00\x98\x00>;\x1e]=\xe1\x00\x00\x00\x00\x00\x00\x00\x00\x00\x00\x00\x00\x00\x00\x00\x00a\xfc')
2025-05-17 15:38:15,961 - WARNING - 清除无法解析的缓冲区数据: bytearray(b'\x03\x10\x00\x00\x00 @\x13\x97>\x16\r\x9a>\x16\x87GB\x15\x16H=4\x18\x06<\xbf\xa7\x10A\xe5\x00')
2025-05-17 15:38:16,004 - WARNING - 清除无法解析的缓冲区数据: bytearray(b'\x00\x00\x00\x15k\xbb\xa0\x00\x005\xfa\x00\x00\x00\x00\x98\x00>;\x1e]=\xe1\x00\x00\x00\x00\x00\x00\x00\x00\x00\x00\x00\x00\x00\x00\x00\x00a\xfc')
2025-05-17 15:38:17,531 - WARNING - 清除无法解析的缓冲区数据: bytearray(b'\x03\x10\x00\x00\x00 @\x13\x97>\x16\r\x9a>\x16\x87GB\x15\x16H=4\x18\x06<\xbf\xa7\x10A\xe5\x00')
2025-05-17 15:38:17,574 - WARNING - 清除无法解析的缓冲区数据: bytearray(b'\x00\x00\x00\x15k\xbb\xa0\x00\x005\xfa\x00\x00\x00\x00\x98\x00>;\x1e]=\xe1\x00\x00\x00\x00\x00\x00\x00\x00\x00\x00\x00\x00\x00\x00\x00\x00a\xfc')
2025-05-17 15:38:17,987 - INFO - 程序手动停止
2025-05-17 15:38:17,988 - INFO - 串口已关闭
2025-05-17 16:07:25,688 - INFO - 程序启动，参数: Namespace(port='COM3', baudrate=9600, timeout=2.0)
2025-05-17 16:07:25,688 - INFO - 计算帧间隔时间: 0.004010秒 (9600波特率)
2025-05-17 16:07:26,276 - WARNING - 清除无法解析的缓冲区数据: bytearray(b'\x03\x10\x00\x00\x00 @\x13\x97>\x16\r\x9a>\x16U\x0cB\x15\x16H=4\x18\x06<\xbfA\xe8A\xe5\x00')
2025-05-17 16:07:26,319 - WARNING - 清除无法解析的缓冲区数据: bytearray(b'\x00\x00\x00\x15k\xbb\xa0\x00\x005\xfa\x00\x00\x00\x00\x98\x00>;\x1e]=\xe1\x00\x00\x00\x00\x00\x00\x00\x00\x00\x00\x00\x00\x00\x00\x00\x00\x9as')
2025-05-17 16:07:27,843 - WARNING - 清除无法解析的缓冲区数据: bytearray(b'\x03\x10\x00\x00\x00 @\x13\x97>\x16\r\x9a>\x16U\x0cB\x15\x16H=4\x18\x06<\xbfA\xe8A\xe5\x00')
2025-05-17 16:07:27,885 - WARNING - 清除无法解析的缓冲区数据: bytearray(b'\x00\x00\x00\x15k\xbb\xa0\x00\x005\xfa\x00\x00\x00\x00\x98\x00>;\x1e]=\xe1\x00\x00\x00\x00\x00\x00\x00\x00\x00\x00\x00\x00\x00\x00\x00\x00\x9as')
2025-05-17 16:07:29,410 - WARNING - 清除无法解析的缓冲区数据: bytearray(b'\x03\x10\x00\x00\x00 @\x13\x97>\x16\r\x9a>\x16U\x0cB\x15\x16H=4\x18\x06<\xbfA\xe8A\xe5\x00')
2025-05-17 16:07:29,452 - WARNING - 清除无法解析的缓冲区数据: bytearray(b'\x00\x00\x00\x15k\xbb\xa0\x00\x005\xfa\x00\x00\x00\x00\x98\x00>;\x1e]=\xe1\x00\x00\x00\x00\x00\x00\x00\x00\x00\x00\x00\x00\x00\x00\x00\x00\x9as')
2025-05-17 16:07:30,974 - WARNING - 清除无法解析的缓冲区数据: bytearray(b'\x03\x10\x00\x00\x00 @\x13\x97>\x16\r\x9a>\x16b\x19B\x15\x16H=4\x18\x06<\xbf\xf5\xe8A\xe5\x00')
2025-05-17 16:07:31,018 - WARNING - 清除无法解析的缓冲区数据: bytearray(b'\x00\x00\x00\x15k\xbb\xa0\x00\x005\xfa\x00\x00\x00\x00\x98\x00>;\x1e]=\xe1\x00\x00\x00\x00\x00\x00\x00\x00\x00\x00\x00\x00\x00\x00\x00\x00\xde\xe0')
2025-05-17 16:07:32,536 - WARNING - 清除无法解析的缓冲区数据: bytearray(b'\x03\x10\x00\x00\x00 @\x13\x97>\x16\r\x9a>\x16b\x19B\x15\x16H=4\x18\x06<\xbf\xf5\xe8A\xe5\x00')
2025-05-17 16:07:32,579 - WARNING - 清除无法解析的缓冲区数据: bytearray(b'\x00\x00\x00\x15k\xbb\xa0\x00\x005\xfa\x00\x00\x00\x00\x98\x00>;\x1e]=\xe1\x00\x00\x00\x00\x00\x00\x00\x00\x00\x00\x00\x00\x00\x00\x00\x00\xde\xe0')
2025-05-17 16:07:33,005 - INFO - 程序手动停止
2025-05-17 16:07:33,006 - INFO - 串口已关闭
2025-05-17 16:18:15,909 - INFO - 程序启动，参数: Namespace(port='COM3', baudrate=9600, timeout=2.0)
2025-05-17 16:18:15,909 - INFO - 计算帧间隔时间: 0.004010秒 (9600波特率)
2025-05-17 16:18:15,910 - ERROR - 串口错误: could not open port 'COM3': PermissionError(13, '拒绝访问。', None, 5)
2025-05-17 16:18:37,983 - INFO - 程序启动，参数: Namespace(port='COM3', baudrate=9600, timeout=2.0)
2025-05-17 16:18:37,983 - INFO - 计算帧间隔时间: 0.004010秒 (9600波特率)
2025-05-17 16:18:39,474 - WARNING - 清除无法解析的缓冲区数据: bytearray(b'\x03\x10\x00\x00\x00 @\x13\x97>\x16\r\x9a>\x16\xf5\xd5B\x14\x16H=4\x18\x06<\xbf\x1b\xe3A\xe5\x00')
2025-05-17 16:18:39,517 - WARNING - 清除无法解析的缓冲区数据: bytearray(b'\x00\x00\x00\x15k\xbb\xa0\x17\xa6\xbdz\x00\x00\x00\x00\x98\x00>;\x1e]=\xe1\x00\x00\x00\x00\x00\x00\x00\x00\x00\x00\x00\x00\x00\x00\x00\x008\x87')
2025-05-17 16:18:41,035 - WARNING - 清除无法解析的缓冲区数据: bytearray(b'\x03\x10\x00\x00\x00 @\x13\x97>\x16\r\x9a>\x16\xf5\xd5B\x14\x16H=4\x18\x06<\xbf\x1b\xe3A\xe5\x00')
2025-05-17 16:18:41,078 - WARNING - 清除无法解析的缓冲区数据: bytearray(b'\x00\x00\x00\x15k\xbb\xa0\x17\xa6\xbdz\x00\x00\x00\x00\x98\x00>;\x1e]=\xe1\x00\x00\x00\x00\x00\x00\x00\x00\x00\x00\x00\x00\x00\x00\x00\x008\x87')
2025-05-17 16:18:42,599 - WARNING - 清除无法解析的缓冲区数据: bytearray(b'\x03\x10\x00\x00\x00 @\x13\x97>\x16\r\x9a>\x16\xf5\xd5B\x14\x16H=4\x18\x06<\xbf\x1b\xe3A\xe5\x00')
2025-05-17 16:18:42,641 - WARNING - 清除无法解析的缓冲区数据: bytearray(b'\x00\x00\x00\x15k\xbb\xa0\x17\xa6\xbdz\x00\x00\x00\x00\x98\x00>;\x1e]=\xe1\x00\x00\x00\x00\x00\x00\x00\x00\x00\x00\x00\x00\x00\x00\x00\x008\x87')
2025-05-17 16:18:44,170 - WARNING - 清除无法解析的缓冲区数据: bytearray(b'\x03\x10\x00\x00\x00 @\x13\x97>\x16\r\x9a>\x16\x0f\xecB\x15\x16H=4\x18\x06<\xbfPjA\xe5\x00')
2025-05-17 16:18:44,213 - WARNING - 清除无法解析的缓冲区数据: bytearray(b'\x00\x00\x00\x15k\xbb\xa0\x00\x005\xfa\x00\x00\x00\x00\x98\x00>;\x1e]=\xe1\x00\x00\x00\x00\x00\x00\x00\x00\x00\x00\x00\x00\x00\x00\x00\x00i\x17')
2025-05-17 16:18:45,735 - WARNING - 清除无法解析的缓冲区数据: bytearray(b'\x03\x10\x00\x00\x00 @\x13\x97>\x16\r\x9a>\x16\x0f\xecB\x15\x16H=4\x18\x06<\xbfPjA\xe5\x00')
2025-05-17 16:18:45,778 - WARNING - 清除无法解析的缓冲区数据: bytearray(b'\x00\x00\x00\x15k\xbb\xa0\x00\x005\xfa\x00\x00\x00\x00\x98\x00>;\x1e]=\xe1\x00\x00\x00\x00\x00\x00\x00\x00\x00\x00\x00\x00\x00\x00\x00\x00i\x17')
2025-05-17 16:18:47,300 - WARNING - 清除无法解析的缓冲区数据: bytearray(b'\x03\x10\x00\x00\x00 @\x13\x97>\x16\r\x9a>\x16\x0f\xecB\x15\x16H=4\x18\x06<\xbfPjA\xe5\x00')
2025-05-17 16:18:47,343 - WARNING - 清除无法解析的缓冲区数据: bytearray(b'\x00\x00\x00\x15k\xbb\xa0\x00\x005\xfa\x00\x00\x00\x00\x98\x00>;\x1e]=\xe1\x00\x00\x00\x00\x00\x00\x00\x00\x00\x00\x00\x00\x00\x00\x00\x00i\x17')
2025-05-17 16:18:48,861 - WARNING - 清除无法解析的缓冲区数据: bytearray(b'\x03\x10\x00\x00\x00 @\x13\x97>\x16\r\x9a>\x16\x0f\xecB\x15\x16H=4\x18\x06<\xbfPjA\xe5\x00')
2025-05-17 16:18:48,904 - WARNING - 清除无法解析的缓冲区数据: bytearray(b'\x00\x00\x00\x15k\xbb\xa0\x00\x005\xfa\x00\x00\x00\x00\x98\x00>;\x1e]=\xe1\x00\x00\x00\x00\x00\x00\x00\x00\x00\x00\x00\x00\x00\x00\x00\x00i\x17')
2025-05-17 16:18:50,433 - WARNING - 清除无法解析的缓冲区数据: bytearray(b'\x03\x10\x00\x00\x00 @\x13\x97>\x16\r\x9a>\x16iJB\x15\x16H=4\x18\x06<\xbf\x04bA\xe6\x00')
2025-05-17 16:18:50,476 - WARNING - 清除无法解析的缓冲区数据: bytearray(b'\x00\x00\x00\x15k\xbb\xa0\x00\x005\xfa\x00\x00\x00\x00\x98\x00>;\x1e]=\xe1\x00\x00\x00\x00\x00\x00\x00\x00\x00\x00\x00\x00\x00\x00\x00\x00a\r')
2025-05-17 16:18:50,708 - INFO - 程序手动停止
2025-05-17 16:18:50,709 - INFO - 串口已关闭
2025-05-17 16:52:35,528 - INFO - 程序启动，参数: Namespace(port='COM3', baudrate=9600, timeout=2.0)
2025-05-17 16:52:35,528 - INFO - 计算帧间隔时间: 0.004010秒 (9600波特率)
2025-05-17 16:52:36,297 - WARNING - 清除无法解析的缓冲区数据: bytearray(b'\x03\x10\x00\x00\x00 @\x13\x97>\x16\r\x9a>\x16\x80qB\x14\x16H=4\x18\x06<\xbf\xc99A\xe4\x00')
2025-05-17 16:52:36,339 - WARNING - 清除无法解析的缓冲区数据: bytearray(b'\x00\x00\x00\x15k\xbb\xa0\x17\xa6\xbdz\x00\x00\x00\x00\x98\x00>;\x1e]=\xe1\x00\x00\x00\x00\x00\x00\x00\x00\x00\x00\x00\x00\x00\x00\x00\x00\xd0\xa5')
2025-05-17 16:52:36,911 - INFO - 程序手动停止
2025-05-17 16:52:36,912 - INFO - 串口已关闭
2025-05-17 17:02:11,082 - INFO - 程序启动，参数: Namespace(port='COM3', baudrate=9600, timeout=2.0)
2025-05-17 17:02:11,082 - INFO - 计算帧间隔时间: 0.004010秒 (9600波特率)
2025-05-17 17:02:11,640 - WARNING - 清除无法解析的缓冲区数据: bytearray(b'\x03\x10\x00\x00\x00 @\x00\x00A \r\x9a>\x16\xf3\xe6B\x14\x16H=4\x18\x06<\xbf\xb1\xb6A\xe5\x00')
2025-05-17 17:02:11,682 - WARNING - 清除无法解析的缓冲区数据: bytearray(b'\x00\x00\x00\x15k\xbb\xa0\x17\xa6\xbdz\x00\x00\x00\x00\x98\x00>;\x1e]=\xe1\x00\x00\x00\x00\x00\x00\x00\x00\x00\x00\x00\x00\x00\x00\x00\x00\\\x8e')
2025-05-17 17:02:13,200 - WARNING - 清除无法解析的缓冲区数据: bytearray(b'\x03\x10\x00\x00\x00 @\x00\x00A \r\x9a>\x16\xf3\xe6B\x14\x16H=4\x18\x06<\xbf\xb1\xb6A\xe5\x00')
2025-05-17 17:02:13,243 - WARNING - 清除无法解析的缓冲区数据: bytearray(b'\x00\x00\x00\x15k\xbb\xa0\x00\x005\xfa\x00\x00\x00\x00\x98\x00>;\x1e]=\xe1\x00\x00\x00\x00\x00\x00\x00\x00\x00\x00\x00\x00\x00\x00\x00\x00\xd8s')
2025-05-17 17:02:14,771 - WARNING - 清除无法解析的缓冲区数据: bytearray(b'\x03\x10\x00\x00\x00 @\x00\x00A \r\x9a>\x16\xf3\xe6B\x14\x16H=4\x18\x06<\xbf\xb1\xb6A\xe5\x00')
2025-05-17 17:02:14,813 - WARNING - 清除无法解析的缓冲区数据: bytearray(b'\x00\x00\x00\x15k\xbb\xa0\x00\x005\xfa\x00\x00\x00\x00\x98\x00>;\x1e]=\xe1\x00\x00\x00\x00\x00\x00\x00\x00\x00\x00\x00\x00\x00\x00\x00\x00\xd8s')
2025-05-17 17:02:16,336 - WARNING - 清除无法解析的缓冲区数据: bytearray(b'\x03\x10\x00\x00\x00 @\x00\x00A \r\x9a>\x16\xf3\xe6B\x14\x16H=4\x18\x06<\xbf\xb1\xb6A\xe5\x00')
2025-05-17 17:02:16,379 - WARNING - 清除无法解析的缓冲区数据: bytearray(b'\x00\x00\x00\x15k\xbb\xa0\x17\xa6\xbdz\x00\x00\x00\x00\x98\x00>;\x1e]=\xe1\x00\x00\x00\x00\x00\x00\x00\x00\x00\x00\x00\x00\x00\x00\x00\x00\\\x8e')
2025-05-17 17:02:17,894 - WARNING - 清除无法解析的缓冲区数据: bytearray(b'\x03\x10\x00\x00\x00 @\x00\x00A \r\x9a>\x16\xf3\xe6B\x14\x16H=4\x18\x06<\xbf\xb1\xb6A\xe5\x00')
2025-05-17 17:02:17,926 - WARNING - 清除无法解析的缓冲区数据: bytearray(b'\x00\x00\x00\x15k\xbb\xa0\x17\xa6\xbdz\x00\x00\x00\x00\x98\x00>;\x1e]=\xe1\x00\x00\x00\x00\x00\x00\x00\x00\x00')
2025-05-17 17:02:17,947 - WARNING - 清除无法解析的缓冲区数据: bytearray(b'\x00\x00\x00\x00\x00\x00\x00\\\x8e')
2025-05-17 17:02:19,460 - WARNING - 清除无法解析的缓冲区数据: bytearray(b'\x03\x10\x00\x00\x00 @\x00\x00A \r\x9a>\x16\xf3\xe6B\x14\x16H=4\x18\x06<\xbf~CA\xe4\x00')
2025-05-17 17:02:19,514 - WARNING - 清除无法解析的缓冲区数据: bytearray(b'\x00\x00\x00\x15k\xbb\xa0\x17\xa6\xbdz\x00\x00\x00\x00\x98\x00>;\x1e]=\xe1\x00\x00\x00\x00\x00\x00\x00\x00\x00\x00\x00\x00\x00\x00\x00\x00\xf8\xeb')
2025-05-17 17:02:21,032 - WARNING - 清除无法解析的缓冲区数据: bytearray(b'\x03\x10\x00\x00\x00 @\x00\x00A \r\x9a>\x16\xf3\xe6B\x14\x16H=4\x18\x06<\xbf~CA\xe4\x00')
2025-05-17 17:02:21,075 - WARNING - 清除无法解析的缓冲区数据: bytearray(b'\x00\x00\x00\x15k\xbb\xa0\x17\xa6\xbdz\x00\x00\x00\x00\x98\x00>;\x1e]=\xe1\x00\x00\x00\x00\x00\x00\x00\x00\x00\x00\x00\x00\x00\x00\x00\x00\xf8\xeb')
2025-05-17 17:02:22,597 - WARNING - 清除无法解析的缓冲区数据: bytearray(b'\x03\x10\x00\x00\x00 @\x00\x00A \r\x9a>\x16\xf3\xe6B\x14\x16H=4\x18\x06<\xbf\xb1\xb6A\xe5\x00')
2025-05-17 17:02:22,640 - WARNING - 清除无法解析的缓冲区数据: bytearray(b'\x00\x00\x00\x15k\xbb\xa0\x17\xa6\xbdz\x00\x00\x00\x00\x98\x00>;\x1e]=\xe1\x00\x00\x00\x00\x00\x00\x00\x00\x00\x00\x00\x00\x00\x00\x00\x00\\\x8e')
2025-05-17 17:02:24,161 - WARNING - 清除无法解析的缓冲区数据: bytearray(b'\x03\x10\x00\x00\x00 @\x00\x00A \r\x9a>\x16\xf3\xe6B\x14\x16H=4\x18\x06<\xbf\xb1\xb6A\xe5\x00')
2025-05-17 17:02:24,203 - WARNING - 清除无法解析的缓冲区数据: bytearray(b'\x00\x00\x00\x15k\xbb\xa0\x17\xa6\xbdz\x00\x00\x00\x00\x98\x00>;\x1e]=\xe1\x00\x00\x00\x00\x00\x00\x00\x00\x00\x00\x00\x00\x00\x00\x00\x00\\\x8e')
2025-05-17 17:02:25,725 - WARNING - 清除无法解析的缓冲区数据: bytearray(b'\x03\x10\x00\x00\x00 @\x00\x00A \r\x9a>\x16\x00\xf2B\x15\x16H=4\x18\x06<\xbf2DA\xe5\x00')
2025-05-17 17:02:25,767 - WARNING - 清除无法解析的缓冲区数据: bytearray(b'\x00\x00\x00\x15k\xbb\xa0\x17\xa6\xbdz\x00\x00\x00\x00\x98\x00>;\x1e]=\xe1\x00\x00\x00\x00\x00\x00\x00\x00\x00\x00\x00\x00\x00\x00\x00\x00\xae\xd8')
2025-05-17 17:02:27,290 - WARNING - 清除无法解析的缓冲区数据: bytearray(b'\x03\x10\x00\x00\x00 @\x00\x00A \r\x9a>\x16\x00\xf2B\x15\x16H=4\x18\x06<\xbf2DA\xe5\x00')
2025-05-17 17:02:27,332 - WARNING - 清除无法解析的缓冲区数据: bytearray(b'\x00\x00\x00\x15k\xbb\xa0\x17\xa6\xbdz\x00\x00\x00\x00\x98\x00>;\x1e]=\xe1\x00\x00\x00\x00\x00\x00\x00\x00\x00\x00\x00\x00\x00\x00\x00\x00\xae\xd8')
2025-05-17 17:02:28,858 - WARNING - 清除无法解析的缓冲区数据: bytearray(b'\x03\x10\x00\x00\x00 @\x00\x00A \r\x9a>\x16\x00\xf2B\x15\x16H=4\x18\x06<\xbf\xcb\xfcA\xe5\x00')
2025-05-17 17:02:28,900 - WARNING - 清除无法解析的缓冲区数据: bytearray(b'\x00\x00\x00\x15k\xbb\xa0\x00\x005\xfa\x00\x00\x00\x00\x98\x00>;\x1e]=\xe1\x00\x00\x00\x00\x00\x00\x00\x00\x00\x00\x00\x00\x00\x00\x00\x00H\xc5')
2025-05-17 17:02:30,420 - WARNING - 清除无法解析的缓冲区数据: bytearray(b'\x03\x10\x00\x00\x00 @\x00\x00A \r\x9a>\x16\x00\xf2B\x15\x16H=4\x18\x06<\xbf\xcb\xfcA\xe5\x00')
2025-05-17 17:02:30,462 - WARNING - 清除无法解析的缓冲区数据: bytearray(b'\x00\x00\x00\x15k\xbb\xa0\x00\x005\xfa\x00\x00\x00\x00\x98\x00>;\x1e]=\xe1\x00\x00\x00\x00\x00\x00\x00\x00\x00\x00\x00\x00\x00\x00\x00\x00H\xc5')
2025-05-17 17:02:31,988 - WARNING - 清除无法解析的缓冲区数据: bytearray(b'\x03\x10\x00\x00\x00 @\x00\x00A \r\x9a>\x16MGB\x15\x16H=4\x18\x06<\xbf\xcb\xfcA\xe5\x00')
2025-05-17 17:02:32,030 - WARNING - 清除无法解析的缓冲区数据: bytearray(b'\x00\x00\x00\x15k\xbb\xa0\x17\xa6\xbdz\x00\x00\x00\x00\x98\x00>;\x1e]=\xe1\x00\x00\x00\x00\x00\x00\x00\x00\x00\x00\x00\x00\x00\x00\x00\x00C\xb6')
2025-05-17 17:02:33,551 - WARNING - 清除无法解析的缓冲区数据: bytearray(b'\x03\x10\x00\x00\x00 @\x00\x00A \r\x9a>\x16MGB\x15\x16H=4\x18\x06<\xbf\xcb\xfcA\xe5\x00')
2025-05-17 17:02:33,593 - WARNING - 清除无法解析的缓冲区数据: bytearray(b'\x00\x00\x00\x15k\xbb\xa0\x17\xa6\xbdz\x00\x00\x00\x00\x98\x00>;\x1e]=\xe1\x00\x00\x00\x00\x00\x00\x00\x00\x00\x00\x00\x00\x00\x00\x00\x00C\xb6')
2025-05-17 17:02:35,125 - WARNING - 清除无法解析的缓冲区数据: bytearray(b'\x03\x10\x00\x00\x00 @\x00\x00A \r\x9a>\x16\xf3\xe6B\x14\x16H=4\x18\x06<\xbf\xb1\xb6A\xe5\x00')
2025-05-17 17:02:35,167 - WARNING - 清除无法解析的缓冲区数据: bytearray(b'\x00\x00\x00\x15k\xbb\xa0\x00\x005\xfa\x00\x00\x00\x00\x98\x00>;\x1e]=\xe1\x00\x00\x00\x00\x00\x00\x00\x00\x00\x00\x00\x00\x00\x00\x00\x00\xd8s')
2025-05-17 17:02:36,688 - WARNING - 清除无法解析的缓冲区数据: bytearray(b'\x03\x10\x00\x00\x00 @\x00\x00A \r\x9a>\x16\xf3\xe6B\x14\x16H=4\x18\x06<\xbf\xb1\xb6A\xe5\x00')
2025-05-17 17:02:36,730 - WARNING - 清除无法解析的缓冲区数据: bytearray(b'\x00\x00\x00\x15k\xbb\xa0\x00\x005\xfa\x00\x00\x00\x00\x98\x00>;\x1e]=\xe1\x00\x00\x00\x00\x00\x00\x00\x00\x00\x00\x00\x00\x00\x00\x00\x00\xd8s')
2025-05-17 17:02:38,249 - WARNING - 清除无法解析的缓冲区数据: bytearray(b'\x03\x10\x00\x00\x00 @\x00\x00A \r\x9a>\x16\x00\xf2B\x15\x16H=4\x18\x06<\xbf2DA\xe5\x00')
2025-05-17 17:02:38,291 - WARNING - 清除无法解析的缓冲区数据: bytearray(b'\x00\x00\x00\x15k\xbb\xa0\x00\x005\xfa\x00\x00\x00\x00\x98\x00>;\x1e]=\xe1\x00\x00\x00\x00\x00\x00\x00\x00\x00\x00\x00\x00\x00\x00\x00\x00*%')
2025-05-17 17:02:39,300 - INFO - 程序手动停止
2025-05-17 17:02:39,301 - INFO - 串口已关闭
2025-05-17 17:08:40,374 - INFO - 程序启动，参数: Namespace(port='COM3', baudrate=9600, timeout=2.0)
2025-05-17 17:08:40,375 - INFO - 计算帧间隔时间: 0.004010秒 (9600波特率)
2025-05-17 17:08:41,465 - WARNING - 清除无法解析的缓冲区数据: bytearray(b'\x03\x10\x00\x00\x00 @\x00\x00A \x00\x00A\xa0\xf5\xd3B\x14\x16H=4\x18\x06<\xbf\x1b\xe0A\xe5\x00')
2025-05-17 17:08:41,506 - WARNING - 清除无法解析的缓冲区数据: bytearray(b'\x00\x00\x00\x15k\xbb\xa0\x17\xa6\xbdz\x00\x00\x00\x00\x98\x00>;\x1e]=\xe1\x00\x00\x00\x00\x00\x00\x00\x00\x00\x00\x00\x00\x00\x00\x00\x00)!')
2025-05-17 17:08:43,031 - WARNING - 清除无法解析的缓冲区数据: bytearray(b'\x03\x10\x00\x00\x00 @\x00\x00A \x00\x00A\xa0\xf5\xd3B\x14\x16H=4\x18\x06<\xbf\x1b\xe0A\xe5\x00')
2025-05-17 17:08:43,074 - WARNING - 清除无法解析的缓冲区数据: bytearray(b'\x00\x00\x00\x15k\xbb\xa0\x17\xa6\xbdz\x00\x00\x00\x00\x98\x00>;\x1e]=\xe1\x00\x00\x00\x00\x00\x00\x00\x00\x00\x00\x00\x00\x00\x00\x00\x00)!')
2025-05-17 17:08:44,601 - WARNING - 清除无法解析的缓冲区数据: bytearray(b'\x03\x10\x00\x00\x00 @\x00\x00A \x00\x00A\xa0\xf5\xd3B\x14\x16H=4\x18\x06<\xbf\xb5\x97A\xe5\x00')
2025-05-17 17:08:44,643 - WARNING - 清除无法解析的缓冲区数据: bytearray(b'\x00\x00\x00\x15k\xbb\xa0\x17\xa6\xbdz\x00\x00\x00\x00\x98\x00>;\x1e]=\xe1\x00\x00\x00\x00\x00\x00\x00\x00\x00\x00\x00\x00\x00\x00\x00\x00\xf8\xc2')
2025-05-17 17:08:44,850 - INFO - 程序手动停止
2025-05-17 17:08:44,850 - INFO - 串口已关闭
2025-05-20 09:31:48,489 - INFO - 程序启动，参数: Namespace(port='COM3', baudrate=9600, timeout=1.0)
2025-05-20 09:31:48,489 - INFO - 计算帧间隔时间: 0.004010秒 (9600波特率)
2025-05-20 09:31:50,650 - INFO - 程序手动停止
2025-05-20 09:31:50,650 - INFO - 串口已关闭
2025-05-20 09:41:08,054 - INFO - 程序启动，参数: Namespace(port='COM3', baudrate=9600, timeout=1.0)
2025-05-20 09:41:12,580 - INFO - 程序手动停止
2025-05-20 09:41:12,580 - INFO - 串口已关闭
