2025-05-17 09:56:16,703 - INFO - 程序启动，参数: Namespace(port='COM3', baudrate=9600, timeout=1.0)
2025-05-17 09:56:16,706 - ERROR - 串口错误: could not open port 'COM3': PermissionError(13, '拒绝访问。', None, 5)
2025-05-17 09:56:29,046 - INFO - 程序启动，参数: Namespace(port='COM3', baudrate=9600, timeout=1.0)
2025-05-17 09:56:29,272 - INFO - 收到数据 - 长度: 32 字节, HEX: 01 10 00 00 00 20 40 00 00 00 00 00 25 00 00 00 00 00 1C 00 00 00 00 00 00 00 00 00 00 00 00 00
2025-05-17 09:56:29,303 - INFO - 收到数据 - 长度: 32 字节, HEX: 00 00 00 00 00 00 00 00 00 00 00 00 00 00 00 00 00 00 00 00 00 00 00 00 00 00 00 00 00 00 00 00
2025-05-17 09:56:29,314 - INFO - 收到数据 - 长度: 9 字节, HEX: 00 00 00 00 00 00 00 87 A9
2025-05-17 09:56:30,837 - INFO - 收到数据 - 长度: 32 字节, HEX: 01 10 00 00 00 20 40 00 00 00 00 00 25 00 00 00 00 00 1C 00 00 00 00 00 00 00 00 00 00 00 00 00
2025-05-17 09:56:30,869 - INFO - 收到数据 - 长度: 32 字节, HEX: 00 00 00 00 00 00 00 00 00 00 00 00 00 00 00 00 00 00 00 00 00 00 00 00 00 00 00 00 00 00 00 00
2025-05-17 09:56:30,881 - INFO - 收到数据 - 长度: 9 字节, HEX: 00 00 00 00 00 00 00 87 A9
2025-05-17 09:56:32,407 - INFO - 收到数据 - 长度: 32 字节, HEX: 01 10 00 00 00 20 40 00 00 00 00 00 25 00 00 00 00 00 1C 00 00 00 00 00 00 00 00 00 00 00 00 00
2025-05-17 09:56:32,439 - INFO - 收到数据 - 长度: 32 字节, HEX: 00 00 00 00 00 00 00 00 00 00 00 00 00 00 00 00 00 00 00 00 00 00 00 00 00 00 00 00 00 00 00 00
2025-05-17 09:56:32,450 - INFO - 收到数据 - 长度: 9 字节, HEX: 00 00 00 00 00 00 00 87 A9
2025-05-17 09:56:33,976 - INFO - 收到数据 - 长度: 32 字节, HEX: 01 10 00 00 00 20 40 00 00 00 00 00 25 00 00 00 00 00 1C 00 00 00 00 00 00 00 00 00 00 00 00 00
2025-05-17 09:56:34,008 - INFO - 收到数据 - 长度: 32 字节, HEX: 00 00 00 00 00 00 00 00 00 00 00 00 00 00 00 00 00 00 00 00 00 00 00 00 00 00 00 00 00 00 00 00
2025-05-17 09:56:34,020 - INFO - 收到数据 - 长度: 9 字节, HEX: 00 00 00 00 00 00 00 87 A9
2025-05-17 09:56:35,534 - INFO - 收到数据 - 长度: 32 字节, HEX: 01 10 00 00 00 20 40 00 00 00 00 00 25 00 00 00 00 00 1C 00 00 00 00 00 00 00 00 00 00 00 00 00
2025-05-17 09:56:35,566 - INFO - 收到数据 - 长度: 32 字节, HEX: 00 00 00 00 00 00 00 00 00 00 00 00 00 00 00 00 00 00 00 00 00 00 00 00 00 00 00 00 00 00 00 00
2025-05-17 09:56:35,577 - INFO - 收到数据 - 长度: 9 字节, HEX: 00 00 00 00 00 00 00 87 A9
2025-05-17 09:56:37,106 - INFO - 收到数据 - 长度: 32 字节, HEX: 01 10 00 00 00 20 40 00 00 00 00 00 25 00 00 00 00 00 1C 00 00 00 00 00 00 00 00 00 00 00 00 00
2025-05-17 09:56:37,138 - INFO - 收到数据 - 长度: 32 字节, HEX: 00 00 00 00 00 00 00 00 00 00 00 00 00 00 00 00 00 00 00 00 00 00 00 00 00 00 00 00 00 00 00 00
2025-05-17 09:56:37,151 - INFO - 收到数据 - 长度: 9 字节, HEX: 00 00 00 00 00 00 00 87 A9
2025-05-17 09:56:38,665 - INFO - 收到数据 - 长度: 32 字节, HEX: 01 10 00 00 00 20 40 00 00 00 00 00 25 00 00 00 00 00 1C 00 00 00 00 00 00 00 00 00 00 00 00 00
2025-05-17 09:56:38,699 - INFO - 收到数据 - 长度: 32 字节, HEX: 00 00 00 00 00 00 00 00 00 00 00 00 00 00 00 00 00 00 00 00 00 00 00 00 00 00 00 00 00 00 00 00
2025-05-17 09:56:38,710 - INFO - 收到数据 - 长度: 9 字节, HEX: 00 00 00 00 00 00 00 87 A9
2025-05-17 09:56:40,233 - INFO - 收到数据 - 长度: 32 字节, HEX: 01 10 00 00 00 20 40 00 00 00 00 00 25 00 00 00 00 00 1C 00 00 00 00 00 00 00 00 00 00 00 00 00
2025-05-17 09:56:40,265 - INFO - 收到数据 - 长度: 32 字节, HEX: 00 00 00 00 00 00 00 00 00 00 00 00 00 00 00 00 00 00 00 00 00 00 00 00 00 00 00 00 00 00 00 00
2025-05-17 09:56:40,276 - INFO - 收到数据 - 长度: 9 字节, HEX: 00 00 00 00 00 00 00 87 A9
2025-05-17 09:56:41,804 - INFO - 收到数据 - 长度: 32 字节, HEX: 01 10 00 00 00 20 40 00 00 00 00 00 25 00 00 00 00 00 1C 00 00 00 00 00 00 00 00 00 00 00 00 00
2025-05-17 09:56:41,837 - INFO - 收到数据 - 长度: 32 字节, HEX: 00 00 00 00 00 00 00 00 00 00 00 00 00 00 00 00 00 00 00 00 00 00 00 00 00 00 00 00 00 00 00 00
2025-05-17 09:56:41,849 - INFO - 收到数据 - 长度: 9 字节, HEX: 00 00 00 00 00 00 00 87 A9
2025-05-17 09:56:43,364 - INFO - 收到数据 - 长度: 32 字节, HEX: 01 10 00 00 00 20 40 00 00 00 00 00 25 00 00 00 00 00 1C 00 00 00 00 00 00 00 00 00 00 00 00 00
2025-05-17 09:56:43,399 - INFO - 收到数据 - 长度: 32 字节, HEX: 00 00 00 00 00 00 00 00 00 00 00 00 00 00 00 00 00 00 00 00 00 00 00 00 00 00 00 00 00 00 00 00
2025-05-17 09:56:43,410 - INFO - 收到数据 - 长度: 9 字节, HEX: 00 00 00 00 00 00 00 87 A9
2025-05-17 09:56:44,935 - INFO - 收到数据 - 长度: 32 字节, HEX: 01 10 00 00 00 20 40 00 00 00 00 00 25 00 00 00 00 00 1C 00 00 00 00 00 00 00 00 00 00 00 00 00
2025-05-17 09:56:44,970 - INFO - 收到数据 - 长度: 32 字节, HEX: 00 00 00 00 00 00 00 00 00 00 00 00 00 00 00 00 00 00 00 00 00 00 00 00 00 00 00 00 00 00 00 00
2025-05-17 09:56:44,982 - INFO - 收到数据 - 长度: 9 字节, HEX: 00 00 00 00 00 00 00 87 A9
2025-05-17 09:56:46,454 - INFO - 程序手动停止
2025-05-17 09:56:46,455 - INFO - 串口已关闭
2025-05-17 10:00:30,248 - INFO - 程序启动，参数: Namespace(port='COM3', baudrate=9600, timeout=1.0)
2025-05-17 10:00:30,369 - INFO - 收到数据 - 长度: 32 字节, HEX: 01 10 00 00 00 20 40 00 00 00 00 00 25 00 00 00 00 00 1C 00 00 00 00 00 00 00 00 00 00 00 00 00
2025-05-17 10:00:30,413 - INFO - 收到数据 - 长度: 32 字节, HEX: 00 00 00 00 00 00 00 00 00 00 00 00 00 00 00 00 00 00 00 00 00 00 00 00 00 00 00 00 00 00 00 00
2025-05-17 10:00:30,425 - INFO - 收到数据 - 长度: 9 字节, HEX: 00 00 00 00 00 00 00 87 A9
2025-05-17 10:00:31,941 - INFO - 收到数据 - 长度: 32 字节, HEX: 01 10 00 00 00 20 40 00 00 00 00 00 25 00 00 00 00 00 1C 00 00 00 00 00 00 00 00 00 00 00 00 00
2025-05-17 10:00:31,974 - INFO - 收到数据 - 长度: 32 字节, HEX: 00 00 00 00 00 00 00 00 00 00 00 00 00 00 00 00 00 00 00 00 00 00 00 00 00 00 00 00 00 00 00 00
2025-05-17 10:00:31,986 - INFO - 收到数据 - 长度: 9 字节, HEX: 00 00 00 00 00 00 00 87 A9
2025-05-17 10:00:33,505 - INFO - 收到数据 - 长度: 32 字节, HEX: 01 10 00 00 00 20 40 00 00 00 00 00 25 00 00 00 00 00 1C 00 00 00 00 00 00 00 00 00 00 00 00 00
2025-05-17 10:00:33,537 - INFO - 收到数据 - 长度: 32 字节, HEX: 00 00 00 00 00 00 00 00 00 00 00 00 00 00 00 00 00 00 00 00 00 00 00 00 00 00 00 00 00 00 00 00
2025-05-17 10:00:33,548 - INFO - 收到数据 - 长度: 9 字节, HEX: 00 00 00 00 00 00 00 87 A9
2025-05-17 10:00:35,072 - INFO - 收到数据 - 长度: 32 字节, HEX: 01 10 00 00 00 20 40 00 00 00 00 00 25 00 00 00 00 00 1C 00 00 00 00 00 00 00 00 00 00 00 00 00
2025-05-17 10:00:35,105 - INFO - 收到数据 - 长度: 32 字节, HEX: 00 00 00 00 00 00 00 00 00 00 00 00 00 00 00 00 00 00 00 00 00 00 00 00 00 00 00 00 00 00 00 00
2025-05-17 10:00:35,117 - INFO - 收到数据 - 长度: 9 字节, HEX: 00 00 00 00 00 00 00 87 A9
2025-05-17 10:00:36,638 - INFO - 收到数据 - 长度: 32 字节, HEX: 01 10 00 00 00 20 40 00 00 00 00 00 25 00 00 00 00 00 1C 00 00 00 00 00 00 00 00 00 00 00 00 00
2025-05-17 10:00:36,671 - INFO - 收到数据 - 长度: 32 字节, HEX: 00 00 00 00 00 00 00 00 00 00 00 00 00 00 00 00 00 00 00 00 00 00 00 00 00 00 00 00 00 00 00 00
2025-05-17 10:00:36,682 - INFO - 收到数据 - 长度: 9 字节, HEX: 00 00 00 00 00 00 00 87 A9
2025-05-17 10:00:38,198 - INFO - 收到数据 - 长度: 32 字节, HEX: 01 10 00 00 00 20 40 00 00 00 00 00 25 00 00 00 00 00 1C 00 00 00 00 00 00 00 00 00 00 00 00 00
2025-05-17 10:00:38,232 - INFO - 收到数据 - 长度: 32 字节, HEX: 00 00 00 00 00 00 00 00 00 00 00 00 00 00 00 00 00 00 00 00 00 00 00 00 00 00 00 00 00 00 00 00
2025-05-17 10:00:38,244 - INFO - 收到数据 - 长度: 9 字节, HEX: 00 00 00 00 00 00 00 87 A9
2025-05-17 10:00:38,791 - INFO - 程序手动停止
2025-05-17 10:00:38,792 - INFO - 串口已关闭
